<?xml version="1.0" encoding="UTF-8"?>
<!-- Generated by org.testng.reporters.JUnitXMLReporter -->
<testsuite ignored="0" hostname="SUMANA" failures="0" tests="1" name="ChromeTest" time="5.271" errors="0" timestamp="2025-06-12T20:17:50 IST">
  <testcase classname="automationCore.Base" name="@BeforeMethod initialiseBrowser" time="5.128">
    <failure type="java.lang.Exception" message="Invalid Browser">
      <![CDATA[java.lang.Exception: Invalid Browser
at automationCore.Base.initialiseBrowser(Base.java:40)
at java.base/java.util.ArrayList.forEach(ArrayList.java:1596)
... Removed 29 stack frames]]>
    </failure>
  </testcase> <!-- @BeforeMethod initialiseBrowser -->
  <testcase classname="automationCore.Base" name="@AfterMethod driverQuit" time="0.0">
    <skipped/>
  </testcase> <!-- @AfterMethod driverQuit -->
  <testcase classname="testScript.HomePageTest" name="verifyUserLogout" time="0.0">
    <skipped/>
  </testcase> <!-- verifyUserLogout -->
</testsuite> <!-- ChromeTest -->
